Start testing: Dec 07 19:18 MSK
----------------------------------------------------------
1/1 Testing: BasicHeapTest
1/1 Test: BasicHeapTest
Command: "/Users/varvara/Documents/heap_hw/build/tests"
Directory: /Users/varvara/Documents/heap_hw/build
"BasicHeapTest" start time: Dec 07 19:18 MSK
Output:
----------------------------------------------------------
Running main() from /private/tmp/googletest-20250910-5249-qce8ci/googletest-1.17.0/googletest/src/gtest_main.cc
[==========] Running 5 tests from 1 test suite.
[----------] Global test environment set-up.
[----------] 5 tests from HeapTest
[ RUN      ] HeapTest.InsertAndGetMinInt
[       OK ] HeapTest.InsertAndGetMinInt (0 ms)
[ RUN      ] HeapTest.InsertManyAndExtractAll
[       OK ] HeapTest.InsertManyAndExtractAll (0 ms)
[ RUN      ] HeapTest.ThrowsOnInsertOverflow
[       OK ] HeapTest.ThrowsOnInsertOverflow (0 ms)
[ RUN      ] HeapTest.ThrowsOnTopUnderflow
[       OK ] HeapTest.ThrowsOnTopUnderflow (0 ms)
[ RUN      ] HeapTest.StringsWork
[       OK ] HeapTest.StringsWork (0 ms)
[----------] 5 tests from HeapTest (0 ms total)

[----------] Global test environment tear-down
[==========] 5 tests from 1 test suite ran. (0 ms total)
[  PASSED  ] 5 tests.
<end of output>
Test time =   0.63 sec
----------------------------------------------------------
Test Passed.
"BasicHeapTest" end time: Dec 07 19:18 MSK
"BasicHeapTest" time elapsed: 00:00:00
----------------------------------------------------------

End testing: Dec 07 19:18 MSK
